2018-04-10 16:20:09,361 - INFO - You had select Chrome borwser.
2018-04-10 16:20:09,362 - INFO - The test server url is https://www.baidu.com.
2018-04-10 16:20:15,159 - INFO - Starting chrome browser
2018-04-10 16:20:16,596 - INFO - Open url:https://www.baidu.com
2018-04-10 16:20:17,779 - INFO - Maximize the current window
2018-04-10 16:20:17,784 - INFO - Set implicitly wait 10 seconds
2018-04-10 16:20:19,788 - INFO - Sleep for 2 seconds
2018-04-10 16:20:22,189 - INFO - Had find the element  新闻  successful by link_text via value: 新闻 
2018-04-10 16:20:22,665 - INFO - The page is change 
2018-04-10 16:20:24,666 - INFO - Sleep for 2 seconds
2018-04-10 16:20:26,677 - INFO - Sleep for 2 seconds
2018-04-10 16:20:28,684 - INFO - Sleep for 2 seconds
2018-04-10 16:20:29,917 - INFO - Had find the element  习近平出席博鳌亚洲论坛开幕式并发表主旨演讲  successful by p via value: 亚洲论坛 
2018-04-10 16:20:30,210 - INFO - The page is change 
2018-04-10 16:20:32,210 - INFO - Sleep for 2 seconds
2018-04-10 16:20:34,216 - INFO - Sleep for 2 seconds
2018-04-10 16:20:36,216 - INFO - Sleep for 2 seconds
2018-04-10 16:20:38,225 - INFO - Sleep for 2 seconds
2018-04-10 16:20:49,428 - INFO - not find by partial_link_text to element
2018-04-10 16:20:49,428 - ERROR - NoSuchElementException: Message: no such element: Unable to locate element: {"method":"partial link text","selector":"新华社海南"}
  (Session info: chrome=64.0.3282.186)
  (Driver info: chromedriver=2.35.528161 (5b82f2d2aae0ca24b877009200ced9065a772e73),platform=Windows NT 6.1.7601 SP1 x86_64)

2018-04-10 16:20:50,598 - INFO - Had  take screenshot and save to folder :/screenshots
2018-04-10 16:21:00,727 - INFO - not find by partial_link_text to element
2018-04-10 16:21:00,727 - ERROR - NoSuchElementException: Message: no such element: Unable to locate element: {"method":"partial link text","selector":"美好未来"}
  (Session info: chrome=64.0.3282.186)
  (Driver info: chromedriver=2.35.528161 (5b82f2d2aae0ca24b877009200ced9065a772e73),platform=Windows NT 6.1.7601 SP1 x86_64)

2018-04-10 16:21:01,318 - INFO - Had  take screenshot and save to folder :/screenshots
2018-04-10 16:21:03,319 - INFO - Sleep for 2 seconds
