2018-04-09 19:48:45,882 - INFO - You had select Chrome borwser.
2018-04-09 19:48:45,883 - INFO - The test server url is https://www.baidu.com.
2018-04-09 19:48:57,630 - INFO - Starting chrome browser
2018-04-09 19:49:30,325 - INFO - Open url:https://www.baidu.com
2018-04-09 19:49:31,482 - INFO - Maximize the current window
2018-04-09 19:49:31,485 - INFO - Set implicitly wait 10 seconds
2018-04-09 19:49:33,663 - INFO - Had find the element    successful by id via value: kw 
2018-04-09 19:49:34,078 - INFO - Had type ' selenium ' in inputBox
2018-04-09 19:49:34,355 - INFO - Had find the element   successful by xpath via value: //input[@id='su'] 
2018-04-09 19:49:34,611 - INFO - The element   was clicked.
2018-04-09 19:49:36,611 - INFO - Sleep for 2 seconds
2018-04-09 19:49:37,412 - INFO - Had  take screenshot and save to folder :/screenshots
2018-04-09 19:49:37,434 - INFO - Current page title is selenium_百度搜索 
2018-04-09 19:49:37,511 - INFO - Had find the element    successful by id via value: kw 
2018-04-09 19:49:37,780 - INFO - Had type ' python ' in inputBox
2018-04-09 19:49:37,835 - INFO - Had find the element   successful by xpath via value: //input[@id='su'] 
2018-04-09 19:49:38,063 - INFO - The element   was clicked.
2018-04-09 19:49:40,064 - INFO - Sleep for 2 seconds
2018-04-09 19:49:40,657 - INFO - Had  take screenshot and save to folder :/screenshots
2018-04-09 19:49:40,669 - INFO - Current page title is python_百度搜索 
2018-04-09 19:49:40,683 - INFO - Now Close and quit the borwser
