2018-04-10 12:12:17,859 - INFO - You had select Chrome borwser.
2018-04-10 12:12:17,860 - INFO - The test server url is https://www.baidu.com.
2018-04-10 12:12:23,895 - INFO - Starting chrome browser
2018-04-10 12:12:37,398 - INFO - Open url:https://www.baidu.com
2018-04-10 12:12:38,594 - INFO - Maximize the current window
2018-04-10 12:12:38,598 - INFO - Set implicitly wait 10 seconds
2018-04-10 12:12:38,744 - INFO - Had find the element  设置  successful by link_text via value: 设置 
2018-04-10 12:12:40,842 - INFO - Sleep for 2 seconds
2018-04-10 12:12:40,976 - INFO - Had find the element  新闻  successful by link_text via value: 新闻 
2018-04-10 12:12:43,129 - INFO - Sleep for 2 seconds
2018-04-10 12:12:43,207 - INFO - Had find the element 新闻  successful by name via value: tj_trnews 
2018-04-10 12:12:43,312 - INFO - Had find the element  新闻  successful by link_text via value: 新闻 
2018-04-10 12:12:43,392 - INFO - Had find the element  新闻  successful by link_text via value: 新闻 
2018-04-10 12:12:50,567 - INFO - The page is change 
2018-04-10 12:12:52,567 - INFO - Sleep for 2 seconds
2018-04-10 12:12:53,156 - INFO - Click back on current page.
2018-04-10 12:12:55,156 - INFO - Sleep for 2 seconds
2018-04-10 12:12:56,730 - INFO - Click forward on current page.
2018-04-10 12:12:58,732 - INFO - Sleep for 2 seconds
2018-04-10 12:12:59,149 - INFO - Click back on current page.
