2018-04-10 16:16:06,889 - INFO - You had select Chrome borwser.
2018-04-10 16:16:06,890 - INFO - The test server url is https://www.baidu.com.
2018-04-10 16:16:12,711 - INFO - Starting chrome browser
2018-04-10 16:16:14,251 - INFO - Open url:https://www.baidu.com
2018-04-10 16:16:15,438 - INFO - Maximize the current window
2018-04-10 16:16:15,441 - INFO - Set implicitly wait 10 seconds
2018-04-10 16:16:17,445 - INFO - Sleep for 2 seconds
2018-04-10 16:16:19,709 - INFO - Had find the element  新闻  successful by link_text via value: 新闻 
2018-04-10 16:16:20,116 - INFO - The page is change 
2018-04-10 16:16:22,117 - INFO - Sleep for 2 seconds
2018-04-10 16:16:24,124 - INFO - Sleep for 2 seconds
2018-04-10 16:16:26,133 - INFO - Sleep for 2 seconds
2018-04-10 16:16:27,375 - INFO - Had find the element  习近平出席博鳌亚洲论坛开幕式并发表主旨演讲  successful by p via value: 亚洲论坛 
2018-04-10 16:16:27,684 - INFO - The page is change 
2018-04-10 16:16:29,685 - INFO - Sleep for 2 seconds
2018-04-10 16:16:39,991 - INFO - not find by partial_link_text to element
2018-04-10 16:16:39,992 - ERROR - NoSuchElementException: Message: no such element: Unable to locate element: {"method":"partial link text","selector":"新华社海南"}
  (Session info: chrome=64.0.3282.186)
  (Driver info: chromedriver=2.35.528161 (5b82f2d2aae0ca24b877009200ced9065a772e73),platform=Windows NT 6.1.7601 SP1 x86_64)

2018-04-10 16:16:41,138 - INFO - Had  take screenshot and save to folder :/screenshots
2018-04-10 16:16:51,213 - INFO - not find by partial_link_text to element
2018-04-10 16:16:51,214 - ERROR - NoSuchElementException: Message: no such element: Unable to locate element: {"method":"partial link text","selector":"美好未来"}
  (Session info: chrome=64.0.3282.186)
  (Driver info: chromedriver=2.35.528161 (5b82f2d2aae0ca24b877009200ced9065a772e73),platform=Windows NT 6.1.7601 SP1 x86_64)

2018-04-10 16:16:52,054 - INFO - Had  take screenshot and save to folder :/screenshots
2018-04-10 16:16:54,054 - INFO - Sleep for 2 seconds
